{"C:\\Users\\nelso\\Documents\\GitHub\\apiNutricion\\src\\services\\alimentoServices.ts": {"path":"C:\\Users\\nelso\\Documents\\GitHub\\apiNutricion\\src\\services\\alimentoServices.ts","statementMap":{"0":{"start":{"line":2,"column":0},"end":{"line":2,"column":50}},"1":{"start":{"line":4,"column":30},"end":{"line":4,"column":58}},"2":{"start":{"line":6,"column":33},"end":{"line":6,"column":60}},"3":{"start":{"line":6,"column":51},"end":{"line":6,"column":60}},"4":{"start":{"line":6,"column":13},"end":{"line":6,"column":33}},"5":{"start":{"line":8,"column":37},"end":{"line":14,"column":1}},"6":{"start":{"line":9,"column":39},"end":{"line":9,"column":41}},"7":{"start":{"line":10,"column":1},"end":{"line":12,"column":4}},"8":{"start":{"line":11,"column":2},"end":{"line":11,"column":48}},"9":{"start":{"line":13,"column":1},"end":{"line":13,"column":30}},"10":{"start":{"line":8,"column":13},"end":{"line":8,"column":37}},"11":{"start":{"line":16,"column":33},"end":{"line":19,"column":1}},"12":{"start":{"line":17,"column":18},"end":{"line":17,"column":49}},"13":{"start":{"line":17,"column":38},"end":{"line":17,"column":48}},"14":{"start":{"line":18,"column":1},"end":{"line":18,"column":null}},"15":{"start":{"line":16,"column":13},"end":{"line":16,"column":33}},"16":{"start":{"line":21,"column":41},"end":{"line":31,"column":1}},"17":{"start":{"line":22,"column":28},"end":{"line":22,"column":30}},"18":{"start":{"line":23,"column":1},"end":{"line":29,"column":4}},"19":{"start":{"line":24,"column":2},"end":{"line":28,"column":null}},"20":{"start":{"line":25,"column":3},"end":{"line":25,"column":26}},"21":{"start":{"line":26,"column":9},"end":{"line":28,"column":null}},"22":{"start":{"line":27,"column":3},"end":{"line":27,"column":26}},"23":{"start":{"line":30,"column":1},"end":{"line":30,"column":17}},"24":{"start":{"line":21,"column":13},"end":{"line":21,"column":41}},"25":{"start":{"line":33,"column":28},"end":{"line":46,"column":1}},"26":{"start":{"line":34,"column":16},"end":{"line":34,"column":28}},"27":{"start":{"line":35,"column":1},"end":{"line":44,"column":4}},"28":{"start":{"line":36,"column":2},"end":{"line":43,"column":null}},"29":{"start":{"line":42,"column":3},"end":{"line":42,"column":22}},"30":{"start":{"line":45,"column":1},"end":{"line":45,"column":17}},"31":{"start":{"line":33,"column":13},"end":{"line":33,"column":28}},"32":{"start":{"line":48,"column":28},"end":{"line":61,"column":1}},"33":{"start":{"line":49,"column":16},"end":{"line":49,"column":28}},"34":{"start":{"line":50,"column":1},"end":{"line":59,"column":4}},"35":{"start":{"line":51,"column":2},"end":{"line":58,"column":null}},"36":{"start":{"line":57,"column":3},"end":{"line":57,"column":22}},"37":{"start":{"line":60,"column":1},"end":{"line":60,"column":17}},"38":{"start":{"line":48,"column":13},"end":{"line":48,"column":28}}},"fnMap":{"0":{"name":"(anonymous_1)","decl":{"start":{"line":6,"column":33},"end":{"line":6,"column":48}},"loc":{"start":{"line":6,"column":51},"end":{"line":6,"column":60}}},"1":{"name":"(anonymous_2)","decl":{"start":{"line":8,"column":37},"end":{"line":8,"column":50}},"loc":{"start":{"line":8,"column":52},"end":{"line":14,"column":1}}},"2":{"name":"(anonymous_3)","decl":{"start":{"line":10,"column":19},"end":{"line":10,"column":27}},"loc":{"start":{"line":10,"column":30},"end":{"line":12,"column":2}}},"3":{"name":"(anonymous_4)","decl":{"start":{"line":16,"column":33},"end":{"line":16,"column":34}},"loc":{"start":{"line":16,"column":70},"end":{"line":19,"column":1}}},"4":{"name":"(anonymous_5)","decl":{"start":{"line":17,"column":33},"end":{"line":17,"column":34}},"loc":{"start":{"line":17,"column":38},"end":{"line":17,"column":48}}},"5":{"name":"(anonymous_6)","decl":{"start":{"line":21,"column":41},"end":{"line":21,"column":42}},"loc":{"start":{"line":21,"column":80},"end":{"line":31,"column":1}}},"6":{"name":"(anonymous_7)","decl":{"start":{"line":23,"column":19},"end":{"line":23,"column":26}},"loc":{"start":{"line":23,"column":29},"end":{"line":29,"column":2}}},"7":{"name":"(anonymous_8)","decl":{"start":{"line":33,"column":28},"end":{"line":33,"column":29}},"loc":{"start":{"line":33,"column":65},"end":{"line":46,"column":1}}},"8":{"name":"(anonymous_9)","decl":{"start":{"line":35,"column":19},"end":{"line":35,"column":26}},"loc":{"start":{"line":35,"column":29},"end":{"line":44,"column":2}}},"9":{"name":"(anonymous_10)","decl":{"start":{"line":48,"column":28},"end":{"line":48,"column":29}},"loc":{"start":{"line":48,"column":65},"end":{"line":61,"column":1}}},"10":{"name":"(anonymous_11)","decl":{"start":{"line":50,"column":19},"end":{"line":50,"column":26}},"loc":{"start":{"line":50,"column":29},"end":{"line":59,"column":2}}}},"branchMap":{"0":{"loc":{"start":{"line":24,"column":2},"end":{"line":28,"column":null}},"type":"if","locations":[{"start":{"line":24,"column":2},"end":{"line":28,"column":null}},{"start":{"line":26,"column":9},"end":{"line":28,"column":null}}]},"1":{"loc":{"start":{"line":26,"column":9},"end":{"line":28,"column":null}},"type":"if","locations":[{"start":{"line":26,"column":9},"end":{"line":28,"column":null}}]},"2":{"loc":{"start":{"line":36,"column":2},"end":{"line":43,"column":null}},"type":"if","locations":[{"start":{"line":36,"column":2},"end":{"line":43,"column":null}}]},"3":{"loc":{"start":{"line":37,"column":3},"end":{"line":40,"column":96}},"type":"binary-expr","locations":[{"start":{"line":37,"column":3},"end":{"line":37,"column":73}},{"start":{"line":38,"column":6},"end":{"line":38,"column":92}},{"start":{"line":39,"column":6},"end":{"line":39,"column":96}},{"start":{"line":40,"column":6},"end":{"line":40,"column":96}}]},"4":{"loc":{"start":{"line":51,"column":2},"end":{"line":58,"column":null}},"type":"if","locations":[{"start":{"line":51,"column":2},"end":{"line":58,"column":null}}]},"5":{"loc":{"start":{"line":52,"column":3},"end":{"line":55,"column":96}},"type":"binary-expr","locations":[{"start":{"line":52,"column":3},"end":{"line":52,"column":73}},{"start":{"line":53,"column":6},"end":{"line":53,"column":92}},{"start":{"line":54,"column":6},"end":{"line":54,"column":96}},{"start":{"line":55,"column":6},"end":{"line":55,"column":96}}]}},"s":{"0":1,"1":1,"2":1,"3":0,"4":1,"5":1,"6":3,"7":3,"8":960,"9":3,"10":1,"11":1,"12":0,"13":0,"14":0,"15":1,"16":1,"17":0,"18":0,"19":0,"20":0,"21":0,"22":0,"23":0,"24":1,"25":1,"26":0,"27":0,"28":0,"29":0,"30":0,"31":1,"32":1,"33":0,"34":0,"35":0,"36":0,"37":0,"38":1},"f":{"0":0,"1":3,"2":960,"3":0,"4":0,"5":0,"6":0,"7":0,"8":0,"9":0,"10":0},"b":{"0":[0,0],"1":[0],"2":[0],"3":[0,0,0,0],"4":[0],"5":[0,0,0,0]}}
}
