TN:
SF:src\services\alimentoServices.ts
FN:6,(anonymous_1)
FN:8,(anonymous_2)
FN:10,(anonymous_3)
FN:16,(anonymous_4)
FN:17,(anonymous_5)
FN:21,(anonymous_6)
FN:23,(anonymous_7)
FN:33,(anonymous_8)
FN:35,(anonymous_9)
FN:48,(anonymous_10)
FN:50,(anonymous_11)
FNF:11
FNH:2
FNDA:0,(anonymous_1)
FNDA:3,(anonymous_2)
FNDA:960,(anonymous_3)
FNDA:0,(anonymous_4)
FNDA:0,(anonymous_5)
FNDA:0,(anonymous_6)
FNDA:0,(anonymous_7)
FNDA:0,(anonymous_8)
FNDA:0,(anonymous_9)
FNDA:0,(anonymous_10)
FNDA:0,(anonymous_11)
DA:2,1
DA:4,1
DA:6,1
DA:8,1
DA:9,3
DA:10,3
DA:11,960
DA:13,3
DA:16,1
DA:17,0
DA:18,0
DA:21,1
DA:22,0
DA:23,0
DA:24,0
DA:25,0
DA:26,0
DA:27,0
DA:30,0
DA:33,1
DA:34,0
DA:35,0
DA:36,0
DA:42,0
DA:45,0
DA:48,1
DA:49,0
DA:50,0
DA:51,0
DA:57,0
DA:60,0
LF:31
LH:12
BRDA:24,0,0,0
BRDA:24,0,1,0
BRDA:26,1,0,0
BRDA:36,2,0,0
BRDA:37,3,0,0
BRDA:37,3,1,0
BRDA:37,3,2,0
BRDA:37,3,3,0
BRDA:51,4,0,0
BRDA:52,5,0,0
BRDA:52,5,1,0
BRDA:52,5,2,0
BRDA:52,5,3,0
BRF:13
BRH:0
end_of_record
